2018-12-20 08:12:51,228 fail2ban.server         [20810]: INFO    Changed logging target to /var/log/fail2ban.log for Fail2ban v0.9.3
2018-12-20 08:12:51,232 fail2ban.database       [20810]: INFO    Connected to fail2ban persistent database '/var/lib/fail2ban/fail2ban.sqlite3'
2018-12-20 08:12:51,280 fail2ban.database       [20810]: WARNING New database created. Version '2'
2018-12-20 08:12:51,281 fail2ban.jail           [20810]: INFO    Creating new jail 'sshd'
2018-12-20 08:12:51,290 fail2ban.jail           [20810]: INFO    Jail 'sshd' uses poller
2018-12-20 08:12:51,306 fail2ban.filter         [20810]: INFO    Set jail log file encoding to UTF-8
2018-12-20 08:12:51,306 fail2ban.jail           [20810]: INFO    Initiated 'polling' backend
2018-12-20 08:12:51,314 fail2ban.filter         [20810]: INFO    Added logfile = /var/log/auth.log
2018-12-20 08:12:51,314 fail2ban.filter         [20810]: INFO    Set findtime = 600
2018-12-20 08:12:51,315 fail2ban.filter         [20810]: INFO    Set jail log file encoding to UTF-8
2018-12-20 08:12:51,315 fail2ban.filter         [20810]: INFO    Set maxRetry = 5
2018-12-20 08:12:51,316 fail2ban.actions        [20810]: INFO    Set banTime = 600
2018-12-20 08:12:51,316 fail2ban.filter         [20810]: INFO    Set maxlines = 10
2018-12-20 08:12:51,368 fail2ban.server         [20810]: INFO    Jail sshd is not a JournalFilter instance
2018-12-20 08:12:51,386 fail2ban.jail           [20810]: INFO    Jail 'sshd' started
2018-12-20 08:12:51,431 fail2ban.action         [20810]: ERROR   iptables -w -N f2b-sshd
iptables -w -A f2b-sshd -j RETURN
iptables -w -I INPUT -p tcp -m multiport --dports ssh -j f2b-sshd -- stdout: b''
2018-12-20 08:12:51,432 fail2ban.action         [20810]: ERROR   iptables -w -N f2b-sshd
iptables -w -A f2b-sshd -j RETURN
iptables -w -I INPUT -p tcp -m multiport --dports ssh -j f2b-sshd -- stderr: b'/bin/sh: 1: iptables: not found\n/bin/sh: 2: iptables: not found\n/bin/sh: 3: iptables: not found\n'
2018-12-20 08:12:51,433 fail2ban.action         [20810]: ERROR   iptables -w -N f2b-sshd
iptables -w -A f2b-sshd -j RETURN
iptables -w -I INPUT -p tcp -m multiport --dports ssh -j f2b-sshd -- returned 127
2018-12-20 08:12:51,443 fail2ban.action         [20810]: INFO    HINT on 127: "Command not found".  Make sure that all commands in 'iptables -w -N f2b-sshd\niptables -w -A f2b-sshd -j RETURN\niptables -w -I INPUT -p tcp -m multiport --dports ssh -j f2b-sshd' are in the PATH of fail2ban-server process (grep -a PATH= /proc/`pidof -x fail2ban-server`/environ). You may want to start "fail2ban-server -f" separately, initiate it with "fail2ban-client reload" in another shell session and observe if additional informative error messages appear in the terminals.
2018-12-20 08:12:51,444 fail2ban.actions        [20810]: ERROR   Failed to start jail 'sshd' action 'iptables-multiport': Error starting action
